<?xml version="1.0" encoding="UTF-8"?>
<coverage generated="1650073827397" clover="3.2.0">
  <project timestamp="1650073827397" name="All files">
    <metrics statements="28" coveredstatements="27" conditionals="4" coveredconditionals="2" methods="9" coveredmethods="7" elements="41" coveredelements="36" complexity="0" loc="28" ncloc="28" packages="1" files="2" classes="2"/>
    <file name="DbConnection.js" path="/Users/jeremyunanue/web/CS496-FR-WebApp/Server/model/DbConnection.js">
      <metrics statements="9" coveredstatements="9" conditionals="4" coveredconditionals="2" methods="3" coveredmethods="3"/>
      <line num="1" count="1" type="stmt"/>
      <line num="2" count="1" type="stmt"/>
      <line num="4" count="1" type="stmt"/>
      <line num="5" count="1" type="stmt"/>
      <line num="6" count="1" type="cond" truecount="1" falsecount="1"/>
      <line num="8" count="1" type="stmt"/>
      <line num="9" count="1" type="cond" truecount="1" falsecount="1"/>
      <line num="13" count="1" type="stmt"/>
      <line num="14" count="1" type="stmt"/>
    </file>
    <file name="ListingDaoMongo.js" path="/Users/jeremyunanue/web/CS496-FR-WebApp/Server/model/ListingDaoMongo.js">
      <metrics statements="19" coveredstatements="18" conditionals="0" coveredconditionals="0" methods="6" coveredmethods="4"/>
      <line num="2" count="1" type="stmt"/>
      <line num="4" count="1" type="stmt"/>
      <line num="20" count="1" type="stmt"/>
      <line num="22" count="1" type="stmt"/>
      <line num="23" count="3" type="stmt"/>
      <line num="25" count="3" type="stmt"/>
      <line num="28" count="1" type="stmt"/>
      <line num="29" count="2" type="stmt"/>
      <line num="30" count="2" type="stmt"/>
      <line num="33" count="1" type="stmt"/>
      <line num="34" count="3" type="stmt"/>
      <line num="35" count="3" type="stmt"/>
      <line num="36" count="3" type="stmt"/>
      <line num="39" count="1" type="stmt"/>
      <line num="40" count="1" type="stmt"/>
      <line num="41" count="1" type="stmt"/>
      <line num="44" count="1" type="stmt"/>
      <line num="45" count="0" type="stmt"/>
      <line num="48" count="1" type="stmt"/>
    </file>
  </project>
</coverage>
