{"C:\\Users\\jruna\\Documents\\web\\CS496-FR-WebApp\\Server\\model\\ListingDaoMem.js": {"path":"C:\\Users\\jruna\\Documents\\web\\CS496-FR-WebApp\\Server\\model\\ListingDaoMem.js","statementMap":{"0":{"start":{"line":1,"column":11},"end":{"line":1,"column":24}},"1":{"start":{"line":3,"column":0},"end":{"line":3,"column":56}},"2":{"start":{"line":5,"column":0},"end":{"line":7,"column":2}},"3":{"start":{"line":6,"column":4},"end":{"line":6,"column":28}}},"fnMap":{"0":{"name":"(anonymous_0)","decl":{"start":{"line":5,"column":18},"end":{"line":5,"column":19}},"loc":{"start":{"line":5,"column":28},"end":{"line":7,"column":1}},"line":5}},"branchMap":{},"s":{"0":1,"1":1,"2":1,"3":1},"f":{"0":1},"b":{},"_coverageSchema":"1a1c01bbd47fc00a2c39e90264f33305004495a9","hash":"fe5a536f97a8c54f9c7358c74a40c82c92aed4bd"}
}
