TN:
SF:model/DbConnection.js
FN:4,(anonymous_0)
FN:8,(anonymous_1)
FN:13,(anonymous_2)
FNF:3
FNH:3
FNDA:1,(anonymous_0)
FNDA:1,(anonymous_1)
FNDA:1,(anonymous_2)
DA:1,1
DA:2,1
DA:4,1
DA:5,1
DA:6,1
DA:8,1
DA:9,1
DA:13,1
DA:14,1
LF:9
LH:9
BRDA:6,0,0,1
BRDA:6,0,1,0
BRDA:9,1,0,0
BRDA:9,1,1,1
BRF:4
BRH:2
end_of_record
TN:
SF:model/ListingDaoMongo.js
FN:22,(anonymous_0)
FN:28,(anonymous_1)
FN:33,(anonymous_2)
FN:39,(anonymous_3)
FN:44,(anonymous_4)
FN:48,(anonymous_5)
FNF:6
FNH:4
FNDA:3,(anonymous_0)
FNDA:2,(anonymous_1)
FNDA:3,(anonymous_2)
FNDA:1,(anonymous_3)
FNDA:0,(anonymous_4)
FNDA:0,(anonymous_5)
DA:2,1
DA:4,1
DA:20,1
DA:22,1
DA:23,3
DA:25,3
DA:28,1
DA:29,2
DA:30,2
DA:33,1
DA:34,3
DA:35,3
DA:36,3
DA:39,1
DA:40,1
DA:41,1
DA:44,1
DA:45,0
DA:48,1
LF:19
LH:18
BRF:0
BRH:0
end_of_record
